<?xml version="1.0" encoding="UTF-8" ?>
<testsuite errors="0" failures="0" hostname="Vamshis" name="PlayingStandTest" skipped="0" tests="10" time="0.087" timestamp="2018-02-05T05:02:36">
  <properties>
[...]
</properties>
  <testcase classname="PlayingStandTest" name="testNoWinningPlacementBeforeGameOver" time="0.014" />
  <testcase classname="PlayingStandTest" name="testDownwardDiagonalWins" time="0.002" />
  <testcase classname="PlayingStandTest" name="testFourConnectedHorizontally" time="0.001" />
  <testcase classname="PlayingStandTest" name="testFourConnected" time="0.001" />
  <testcase classname="PlayingStandTest" name="testWinningPlacement" time="0.001" />
  <testcase classname="PlayingStandTest" name="testFourConnectedDiagonally" time="0.001" />
  <testcase classname="PlayingStandTest" name="testStandControlsTurns" time="0.001" />
  <testcase classname="PlayingStandTest" name="testNonExistentColumn" time="0.0" />
  <testcase classname="PlayingStandTest" name="testFullColumn" time="0.0" />
  <testcase classname="PlayingStandTest" name="testNoWinner" time="0.009" />
  <system-out><![CDATA[]]></system-out>
  <system-err><![CDATA[]]></system-err>
</testsuite>
